{
  "RSpec": {
    "coverage": {
      "/Users/kevinkrato/Desktop/Turing/BACKEND/MOD_2/rails-playground/config/environment.rb": [
        null,
        1,
        null,
        null,
        1
      ],
      "/Users/kevinkrato/Desktop/Turing/BACKEND/MOD_2/rails-playground/config/application.rb": [
        1,
        null,
        1,
        null,
        1,
        1,
        1,
        1,
        1,
        1,
        1,
        1,
        1,
        1,
        1,
        null,
        null,
        null,
        null,
        1,
        null,
        1,
        1,
        null,
        1,
        null,
        null,
        null,
        null,
        null,
        null,
        null,
        1,
        null,
        null
      ],
      "/Users/kevinkrato/Desktop/Turing/BACKEND/MOD_2/rails-playground/config/boot.rb": [
        1,
        null,
        1,
        1
      ],
      "/Users/kevinkrato/Desktop/Turing/BACKEND/MOD_2/rails-playground/config/environments/test.rb": [
        null,
        null,
        null,
        null,
        null,
        1,
        null,
        null,
        1,
        null,
        null,
        null,
        null,
        1,
        null,
        null,
        1,
        1,
        null,
        null,
        null,
        null,
        1,
        1,
        1,
        null,
        null,
        1,
        null,
        null,
        1,
        null,
        null,
        1,
        null,
        1,
        null,
        null,
        null,
        null,
        1,
        null,
        null,
        1,
        null,
        null,
        null,
        null
      ],
      "/Users/kevinkrato/Desktop/Turing/BACKEND/MOD_2/rails-playground/config/initializers/application_controller_renderer.rb": [
        null,
        null,
        null,
        null,
        null,
        null,
        null,
        null
      ],
      "/Users/kevinkrato/Desktop/Turing/BACKEND/MOD_2/rails-playground/config/initializers/assets.rb": [
        null,
        null,
        null,
        1,
        null,
        null,
        null,
        null,
        1,
        null,
        null,
        null,
        null,
        null
      ],
      "/Users/kevinkrato/Desktop/Turing/BACKEND/MOD_2/rails-playground/config/initializers/backtrace_silencers.rb": [
        null,
        null,
        null,
        null,
        null,
        null,
        null
      ],
      "/Users/kevinkrato/Desktop/Turing/BACKEND/MOD_2/rails-playground/config/initializers/content_security_policy.rb": [
        null,
        null,
        null,
        null,
        null,
        null,
        null,
        null,
        null,
        null,
        null,
        null,
        null,
        null,
        null,
        null,
        null,
        null,
        null,
        null,
        null,
        null,
        null,
        null,
        null,
        null,
        null,
        null,
        null,
        null
      ],
      "/Users/kevinkrato/Desktop/Turing/BACKEND/MOD_2/rails-playground/config/initializers/cookies_serializer.rb": [
        null,
        null,
        null,
        null,
        1
      ],
      "/Users/kevinkrato/Desktop/Turing/BACKEND/MOD_2/rails-playground/config/initializers/filter_parameter_logging.rb": [
        null,
        null,
        null,
        1
      ],
      "/Users/kevinkrato/Desktop/Turing/BACKEND/MOD_2/rails-playground/config/initializers/inflections.rb": [
        null,
        null,
        null,
        null,
        null,
        null,
        null,
        null,
        null,
        null,
        null,
        null,
        null,
        null,
        null,
        null
      ],
      "/Users/kevinkrato/Desktop/Turing/BACKEND/MOD_2/rails-playground/config/initializers/mime_types.rb": [
        null,
        null,
        null,
        null
      ],
      "/Users/kevinkrato/Desktop/Turing/BACKEND/MOD_2/rails-playground/config/initializers/wrap_parameters.rb": [
        null,
        null,
        null,
        null,
        null,
        null,
        1,
        2,
        null,
        null,
        null,
        null,
        null,
        null
      ],
      "/Users/kevinkrato/Desktop/Turing/BACKEND/MOD_2/rails-playground/config/routes.rb": [
        1,
        1,
        null,
        1,
        null
      ],
      "/Users/kevinkrato/Desktop/Turing/BACKEND/MOD_2/rails-playground/app/helpers/application_helper.rb": [
        1,
        null
      ],
      "/Users/kevinkrato/Desktop/Turing/BACKEND/MOD_2/rails-playground/spec/features/songs/user_can_see_all_songs_spec.rb": [
        1,
        null,
        1,
        1,
        1,
        null,
        1,
        1,
        1,
        1,
        null,
        1,
        null,
        1,
        1,
        1,
        null,
        1,
        1,
        1,
        null,
        null
      ],
      "/Users/kevinkrato/Desktop/Turing/BACKEND/MOD_2/rails-playground/spec/models/artist_spec.rb": [
        1,
        null,
        1,
        1,
        3,
        null,
        3,
        3,
        3,
        3,
        null,
        null,
        1,
        2,
        null,
        null,
        1,
        2,
        null,
        null,
        1,
        1,
        1,
        null,
        null,
        null
      ],
      "/Users/kevinkrato/Desktop/Turing/BACKEND/MOD_2/rails-playground/app/models/artist.rb": [
        1,
        1,
        null,
        1,
        null,
        1,
        1,
        null,
        null
      ],
      "/Users/kevinkrato/Desktop/Turing/BACKEND/MOD_2/rails-playground/app/models/application_record.rb": [
        1,
        1,
        null
      ],
      "/Users/kevinkrato/Desktop/Turing/BACKEND/MOD_2/rails-playground/spec/models/playlist_songs_spec.rb": [
        1,
        null,
        1,
        1,
        2,
        2,
        null,
        null
      ],
      "/Users/kevinkrato/Desktop/Turing/BACKEND/MOD_2/rails-playground/app/models/playlistSong.rb": [
        1,
        1,
        1,
        null
      ],
      "/Users/kevinkrato/Desktop/Turing/BACKEND/MOD_2/rails-playground/spec/models/playlist_spec.rb": [
        1,
        null,
        1,
        1,
        2,
        2,
        null,
        null
      ],
      "/Users/kevinkrato/Desktop/Turing/BACKEND/MOD_2/rails-playground/app/models/playlist.rb": [
        1,
        1,
        1,
        null
      ],
      "/Users/kevinkrato/Desktop/Turing/BACKEND/MOD_2/rails-playground/spec/models/song_spec.rb": [
        1,
        null,
        1,
        1,
        4,
        null,
        4,
        4,
        4,
        4,
        null,
        null,
        1,
        2,
        2,
        2,
        null,
        null,
        1,
        1,
        1,
        null,
        null,
        null,
        null,
        null,
        null
      ],
      "/Users/kevinkrato/Desktop/Turing/BACKEND/MOD_2/rails-playground/app/models/song.rb": [
        1,
        1,
        1,
        1,
        null,
        1,
        1,
        null,
        null
      ],
      "/Users/kevinkrato/Desktop/Turing/BACKEND/MOD_2/rails-playground/app/controllers/application_controller.rb": [
        1,
        null
      ],
      "/Users/kevinkrato/Desktop/Turing/BACKEND/MOD_2/rails-playground/app/controllers/playlists_controller.rb": [
        1,
        1,
        1,
        null,
        null
      ],
      "/Users/kevinkrato/Desktop/Turing/BACKEND/MOD_2/rails-playground/app/controllers/songs_controller.rb": [
        1,
        1,
        1,
        null,
        null
      ]
    },
    "timestamp": 1575470595
  }
}
